app/build/intermediates/manifest_merge_blame_file/debug/manifest-merger-blame-debug-report.txt
1<?xml version="1.0" encoding="utf-8"?>
2<manifest xmlns:android="http://schemas.android.com/apk/res/android"
3    package="com.app.edu_academic_solution"
4    android:versionCode="1"
5    android:versionName="1.0" >
6
7    <uses-sdk
8        android:minSdkVersion="21"
8-->src/main/AndroidManifest.xml
9        android:targetSdkVersion="33" />
9-->src/main/AndroidManifest.xml
10
11    <uses-permission android:name="android.permission.READ_EXTERNAL_STORAGE" />
11-->src/main/AndroidManifest.xml:5:5-80
11-->src/main/AndroidManifest.xml:5:22-77
12
13    <!-- Although the *SdkVersion is captured in gradle build files, this is required for non gradle builds -->
14    <!-- <uses-sdk android:minSdkVersion="14"/> -->
15    <uses-permission android:name="android.permission.ACCESS_NETWORK_STATE" />
15-->[com.google.firebase:firebase-storage:20.1.0] AndroidManifest.xml:25:5-79
15-->[com.google.firebase:firebase-storage:20.1.0] AndroidManifest.xml:25:22-76
16    <uses-permission android:name="android.permission.INTERNET" />
16-->[com.google.firebase:firebase-storage:20.1.0] AndroidManifest.xml:26:5-67
16-->[com.google.firebase:firebase-storage:20.1.0] AndroidManifest.xml:26:22-64
17    <uses-permission android:name="android.permission.WAKE_LOCK" />
17-->[com.google.android.gms:play-services-measurement-api:21.2.2] AndroidManifest.xml:24:5-68
17-->[com.google.android.gms:play-services-measurement-api:21.2.2] AndroidManifest.xml:24:22-65
18    <uses-permission android:name="com.google.android.gms.permission.AD_ID" />
18-->[com.google.android.gms:play-services-measurement-api:21.2.2] AndroidManifest.xml:25:5-79
18-->[com.google.android.gms:play-services-measurement-api:21.2.2] AndroidManifest.xml:25:22-76
19    <uses-permission android:name="com.google.android.finsky.permission.BIND_GET_INSTALL_REFERRER_SERVICE" />
19-->[com.google.android.gms:play-services-measurement:21.2.2] AndroidManifest.xml:26:5-110
19-->[com.google.android.gms:play-services-measurement:21.2.2] AndroidManifest.xml:26:22-107
20
21    <permission
21-->[androidx.core:core:1.9.0] AndroidManifest.xml:22:5-24:47
22        android:name="com.app.edu_academic_solution.DYNAMIC_RECEIVER_NOT_EXPORTED_PERMISSION"
22-->[androidx.core:core:1.9.0] AndroidManifest.xml:23:9-81
23        android:protectionLevel="signature" />
23-->[androidx.core:core:1.9.0] AndroidManifest.xml:24:9-44
24
25    <uses-permission android:name="com.app.edu_academic_solution.DYNAMIC_RECEIVER_NOT_EXPORTED_PERMISSION" />
25-->[androidx.core:core:1.9.0] AndroidManifest.xml:26:5-97
25-->[androidx.core:core:1.9.0] AndroidManifest.xml:26:22-94
26
27    <application
27-->src/main/AndroidManifest.xml:7:5-79:19
28        android:allowBackup="true"
28-->src/main/AndroidManifest.xml:8:9-35
29        android:appComponentFactory="androidx.core.app.CoreComponentFactory"
29-->[androidx.core:core:1.9.0] AndroidManifest.xml:28:18-86
30        android:dataExtractionRules="@xml/data_extraction_rules"
30-->src/main/AndroidManifest.xml:9:9-65
31        android:debuggable="true"
32        android:fullBackupContent="@xml/backup_rules"
32-->src/main/AndroidManifest.xml:10:9-54
33        android:icon="@mipmap/ic_launcher"
33-->src/main/AndroidManifest.xml:11:9-43
34        android:label="@string/app_name"
34-->src/main/AndroidManifest.xml:12:9-41
35        android:roundIcon="@mipmap/ic_launcher_round"
35-->src/main/AndroidManifest.xml:13:9-54
36        android:supportsRtl="true"
36-->src/main/AndroidManifest.xml:14:9-35
37        android:testOnly="true"
38        android:theme="@style/Theme.Edu_Academic_Solution" >
38-->src/main/AndroidManifest.xml:15:9-59
39        <activity
39-->src/main/AndroidManifest.xml:17:9-23:20
40            android:name="com.app.edu_academic_solution.UploadPDF"
40-->src/main/AndroidManifest.xml:18:13-38
41            android:exported="false" >
41-->src/main/AndroidManifest.xml:19:13-37
42            <meta-data
42-->src/main/AndroidManifest.xml:20:13-22:36
43                android:name="android.app.lib_name"
43-->src/main/AndroidManifest.xml:21:17-52
44                android:value="" />
44-->src/main/AndroidManifest.xml:22:17-33
45        </activity>
46        <activity
46-->src/main/AndroidManifest.xml:24:9-30:20
47            android:name="com.app.edu_academic_solution.Syllabus"
47-->src/main/AndroidManifest.xml:25:13-37
48            android:exported="false" >
48-->src/main/AndroidManifest.xml:26:13-37
49            <meta-data
49-->src/main/AndroidManifest.xml:20:13-22:36
50                android:name="android.app.lib_name"
50-->src/main/AndroidManifest.xml:21:17-52
51                android:value="" />
51-->src/main/AndroidManifest.xml:22:17-33
52        </activity>
53        <activity
53-->src/main/AndroidManifest.xml:31:9-37:20
54            android:name="com.app.edu_academic_solution.class12"
54-->src/main/AndroidManifest.xml:32:13-36
55            android:exported="false" >
55-->src/main/AndroidManifest.xml:33:13-37
56            <meta-data
56-->src/main/AndroidManifest.xml:20:13-22:36
57                android:name="android.app.lib_name"
57-->src/main/AndroidManifest.xml:21:17-52
58                android:value="" />
58-->src/main/AndroidManifest.xml:22:17-33
59        </activity>
60        <activity
60-->src/main/AndroidManifest.xml:38:9-44:20
61            android:name="com.app.edu_academic_solution.Class11th"
61-->src/main/AndroidManifest.xml:39:13-38
62            android:exported="false" >
62-->src/main/AndroidManifest.xml:40:13-37
63            <meta-data
63-->src/main/AndroidManifest.xml:20:13-22:36
64                android:name="android.app.lib_name"
64-->src/main/AndroidManifest.xml:21:17-52
65                android:value="" />
65-->src/main/AndroidManifest.xml:22:17-33
66        </activity>
67        <activity
67-->src/main/AndroidManifest.xml:45:9-51:20
68            android:name="com.app.edu_academic_solution.HomeScreen"
68-->src/main/AndroidManifest.xml:46:13-39
69            android:exported="false" >
69-->src/main/AndroidManifest.xml:47:13-37
70            <meta-data
70-->src/main/AndroidManifest.xml:20:13-22:36
71                android:name="android.app.lib_name"
71-->src/main/AndroidManifest.xml:21:17-52
72                android:value="" />
72-->src/main/AndroidManifest.xml:22:17-33
73        </activity>
74        <activity
74-->src/main/AndroidManifest.xml:52:9-58:20
75            android:name="com.app.edu_academic_solution.list_item"
75-->src/main/AndroidManifest.xml:53:13-38
76            android:exported="false" >
76-->src/main/AndroidManifest.xml:54:13-37
77            <meta-data
77-->src/main/AndroidManifest.xml:20:13-22:36
78                android:name="android.app.lib_name"
78-->src/main/AndroidManifest.xml:21:17-52
79                android:value="" />
79-->src/main/AndroidManifest.xml:22:17-33
80        </activity>
81        <activity
81-->src/main/AndroidManifest.xml:59:9-65:20
82            android:name="com.app.edu_academic_solution.LoginActivity"
82-->src/main/AndroidManifest.xml:60:13-42
83            android:exported="false" >
83-->src/main/AndroidManifest.xml:61:13-37
84            <meta-data
84-->src/main/AndroidManifest.xml:20:13-22:36
85                android:name="android.app.lib_name"
85-->src/main/AndroidManifest.xml:21:17-52
86                android:value="" />
86-->src/main/AndroidManifest.xml:22:17-33
87        </activity>
88        <activity
88-->src/main/AndroidManifest.xml:66:9-78:20
89            android:name="com.app.edu_academic_solution.MainActivity"
89-->src/main/AndroidManifest.xml:67:13-41
90            android:exported="true" >
90-->src/main/AndroidManifest.xml:68:13-36
91            <intent-filter>
91-->src/main/AndroidManifest.xml:69:13-73:29
92                <action android:name="android.intent.action.MAIN" />
92-->src/main/AndroidManifest.xml:70:17-69
92-->src/main/AndroidManifest.xml:70:25-66
93
94                <category android:name="android.intent.category.LAUNCHER" />
94-->src/main/AndroidManifest.xml:72:17-77
94-->src/main/AndroidManifest.xml:72:27-74
95            </intent-filter>
96
97            <meta-data
97-->src/main/AndroidManifest.xml:20:13-22:36
98                android:name="android.app.lib_name"
98-->src/main/AndroidManifest.xml:21:17-52
99                android:value="" />
99-->src/main/AndroidManifest.xml:22:17-33
100        </activity>
101
102        <service
102-->[com.google.firebase:firebase-storage:20.1.0] AndroidManifest.xml:29:9-35:19
103            android:name="com.google.firebase.components.ComponentDiscoveryService"
103-->[com.google.firebase:firebase-storage:20.1.0] AndroidManifest.xml:30:13-84
104            android:directBootAware="true"
104-->[com.google.firebase:firebase-common:20.3.2] AndroidManifest.xml:34:13-43
105            android:exported="false" >
105-->[com.google.firebase:firebase-storage:20.1.0] AndroidManifest.xml:31:13-37
106            <meta-data
106-->[com.google.firebase:firebase-storage:20.1.0] AndroidManifest.xml:32:13-34:85
107                android:name="com.google.firebase.components:com.google.firebase.storage.StorageRegistrar"
107-->[com.google.firebase:firebase-storage:20.1.0] AndroidManifest.xml:33:17-107
108                android:value="com.google.firebase.components.ComponentRegistrar" />
108-->[com.google.firebase:firebase-storage:20.1.0] AndroidManifest.xml:34:17-82
109            <meta-data
109-->[com.google.firebase:firebase-database:20.2.0] AndroidManifest.xml:31:13-33:85
110                android:name="com.google.firebase.components:com.google.firebase.database.DatabaseRegistrar"
110-->[com.google.firebase:firebase-database:20.2.0] AndroidManifest.xml:32:17-109
111                android:value="com.google.firebase.components.ComponentRegistrar" />
111-->[com.google.firebase:firebase-database:20.2.0] AndroidManifest.xml:33:17-82
112            <meta-data
112-->[com.google.android.gms:play-services-measurement-api:21.2.2] AndroidManifest.xml:31:13-33:85
113                android:name="com.google.firebase.components:com.google.firebase.analytics.connector.internal.AnalyticsConnectorRegistrar"
113-->[com.google.android.gms:play-services-measurement-api:21.2.2] AndroidManifest.xml:32:17-139
114                android:value="com.google.firebase.components.ComponentRegistrar" />
114-->[com.google.android.gms:play-services-measurement-api:21.2.2] AndroidManifest.xml:33:17-82
115            <meta-data
115-->[com.google.firebase:firebase-installations:17.1.3] AndroidManifest.xml:17:13-19:85
116                android:name="com.google.firebase.components:com.google.firebase.installations.FirebaseInstallationsRegistrar"
116-->[com.google.firebase:firebase-installations:17.1.3] AndroidManifest.xml:18:17-127
117                android:value="com.google.firebase.components.ComponentRegistrar" />
117-->[com.google.firebase:firebase-installations:17.1.3] AndroidManifest.xml:19:17-82
118        </service>
119
120        <provider
120-->[com.google.firebase:firebase-common:20.3.2] AndroidManifest.xml:25:9-30:39
121            android:name="com.google.firebase.provider.FirebaseInitProvider"
121-->[com.google.firebase:firebase-common:20.3.2] AndroidManifest.xml:26:13-77
122            android:authorities="com.app.edu_academic_solution.firebaseinitprovider"
122-->[com.google.firebase:firebase-common:20.3.2] AndroidManifest.xml:27:13-72
123            android:directBootAware="true"
123-->[com.google.firebase:firebase-common:20.3.2] AndroidManifest.xml:28:13-43
124            android:exported="false"
124-->[com.google.firebase:firebase-common:20.3.2] AndroidManifest.xml:29:13-37
125            android:initOrder="100" />
125-->[com.google.firebase:firebase-common:20.3.2] AndroidManifest.xml:30:13-36
126
127        <activity
127-->[com.google.android.gms:play-services-base:18.1.0] AndroidManifest.xml:20:9-22:45
128            android:name="com.google.android.gms.common.api.GoogleApiActivity"
128-->[com.google.android.gms:play-services-base:18.1.0] AndroidManifest.xml:20:19-85
129            android:exported="false"
129-->[com.google.android.gms:play-services-base:18.1.0] AndroidManifest.xml:22:19-43
130            android:theme="@android:style/Theme.Translucent.NoTitleBar" />
130-->[com.google.android.gms:play-services-base:18.1.0] AndroidManifest.xml:21:19-78
131
132        <receiver
132-->[com.google.android.gms:play-services-measurement:21.2.2] AndroidManifest.xml:29:9-33:20
133            android:name="com.google.android.gms.measurement.AppMeasurementReceiver"
133-->[com.google.android.gms:play-services-measurement:21.2.2] AndroidManifest.xml:30:13-85
134            android:enabled="true"
134-->[com.google.android.gms:play-services-measurement:21.2.2] AndroidManifest.xml:31:13-35
135            android:exported="false" >
135-->[com.google.android.gms:play-services-measurement:21.2.2] AndroidManifest.xml:32:13-37
136        </receiver>
137
138        <service
138-->[com.google.android.gms:play-services-measurement:21.2.2] AndroidManifest.xml:35:9-38:40
139            android:name="com.google.android.gms.measurement.AppMeasurementService"
139-->[com.google.android.gms:play-services-measurement:21.2.2] AndroidManifest.xml:36:13-84
140            android:enabled="true"
140-->[com.google.android.gms:play-services-measurement:21.2.2] AndroidManifest.xml:37:13-35
141            android:exported="false" />
141-->[com.google.android.gms:play-services-measurement:21.2.2] AndroidManifest.xml:38:13-37
142        <service
142-->[com.google.android.gms:play-services-measurement:21.2.2] AndroidManifest.xml:39:9-43:72
143            android:name="com.google.android.gms.measurement.AppMeasurementJobService"
143-->[com.google.android.gms:play-services-measurement:21.2.2] AndroidManifest.xml:40:13-87
144            android:enabled="true"
144-->[com.google.android.gms:play-services-measurement:21.2.2] AndroidManifest.xml:41:13-35
145            android:exported="false"
145-->[com.google.android.gms:play-services-measurement:21.2.2] AndroidManifest.xml:42:13-37
146            android:permission="android.permission.BIND_JOB_SERVICE" />
146-->[com.google.android.gms:play-services-measurement:21.2.2] AndroidManifest.xml:43:13-69
147
148        <meta-data
148-->[com.google.android.gms:play-services-basement:18.1.0] AndroidManifest.xml:21:9-23:69
149            android:name="com.google.android.gms.version"
149-->[com.google.android.gms:play-services-basement:18.1.0] AndroidManifest.xml:22:13-58
150            android:value="@integer/google_play_services_version" />
150-->[com.google.android.gms:play-services-basement:18.1.0] AndroidManifest.xml:23:13-66
151
152        <provider
152-->[androidx.emoji2:emoji2:1.2.0] AndroidManifest.xml:24:9-32:20
153            android:name="androidx.startup.InitializationProvider"
153-->[androidx.emoji2:emoji2:1.2.0] AndroidManifest.xml:25:13-67
154            android:authorities="com.app.edu_academic_solution.androidx-startup"
154-->[androidx.emoji2:emoji2:1.2.0] AndroidManifest.xml:26:13-68
155            android:exported="false" >
155-->[androidx.emoji2:emoji2:1.2.0] AndroidManifest.xml:27:13-37
156            <meta-data
156-->[androidx.emoji2:emoji2:1.2.0] AndroidManifest.xml:29:13-31:52
157                android:name="androidx.emoji2.text.EmojiCompatInitializer"
157-->[androidx.emoji2:emoji2:1.2.0] AndroidManifest.xml:30:17-75
158                android:value="androidx.startup" />
158-->[androidx.emoji2:emoji2:1.2.0] AndroidManifest.xml:31:17-49
159            <meta-data
159-->[androidx.lifecycle:lifecycle-process:2.4.1] AndroidManifest.xml:31:13-33:52
160                android:name="androidx.lifecycle.ProcessLifecycleInitializer"
160-->[androidx.lifecycle:lifecycle-process:2.4.1] AndroidManifest.xml:32:17-78
161                android:value="androidx.startup" />
161-->[androidx.lifecycle:lifecycle-process:2.4.1] AndroidManifest.xml:33:17-49
162        </provider>
163    </application>
164
165</manifest>